<?xml version="1.0" encoding="UTF-8"?>
<!-- Generated by org.testng.reporters.JUnitReportReporter -->
<testsuite hostname="DESKTOP-6LE4TVM" failures="0" tests="1" name="scripts.TestCase1" time="14.037" errors="0" timestamp="2022-07-18T13:05:06 IST" skipped="0">
  <testcase classname="scripts.TestCase1" name="tc1" time="14.037"/>
  <system-out/>
</testsuite> <!-- scripts.TestCase1 -->
